<?xml version="1.0" encoding="UTF-8"?>
<!-- Generated by org.testng.reporters.JUnitXMLReporter -->
<testsuite ignored="2" hostname="DESKTOP-R2J4S1R" failures="0" tests="1" name="Test456" time="489.675" errors="0" timestamp="2023-02-07T18:19:13 IST">
  <testcase classname="testng.TestNGclass" name="addItemToCart" time="211.362"/>
  <testcase classname="testng.TestNGclass" name="chcklanguage" time="0.0">
    <ignored/>
  </testcase> <!-- chcklanguage -->
  <testcase classname="testng.TestNGclass" name="recharge" time="0.0">
    <ignored/>
  </testcase> <!-- recharge -->
</testsuite> <!-- Test456 -->
